android/app/build/intermediates/manifest_merge_blame_file/release/manifest-merger-blame-release-report.txt
1<?xml version="1.0" encoding="utf-8"?>
2<manifest xmlns:android="http://schemas.android.com/apk/res/android"
3    package="com.testwork"
4    android:versionCode="1"
5    android:versionName="1.0" >
6
7    <uses-sdk
8        android:minSdkVersion="21"
8-->src\main\AndroidManifest.xml
9        android:targetSdkVersion="30" />
9-->src\main\AndroidManifest.xml
10
11    <uses-permission android:name="android.permission.INTERNET" />
11-->src\main\AndroidManifest.xml:4:5-67
11-->src\main\AndroidManifest.xml:4:22-64
12
13    <application
13-->src\main\AndroidManifest.xml:6:5-42:19
14        android:name="com.testwork.MainApplication"
14-->src\main\AndroidManifest.xml:7:7-38
15        android:allowBackup="false"
15-->src\main\AndroidManifest.xml:11:7-34
16        android:appComponentFactory="androidx.core.app.CoreComponentFactory"
16-->[androidx.core:core:1.1.0] AndroidManifest.xml:24:18-86
17        android:icon="@mipmap/ic_launcher"
17-->src\main\AndroidManifest.xml:9:7-41
18        android:label="@string/app_name"
18-->src\main\AndroidManifest.xml:8:7-39
19        android:roundIcon="@mipmap/ic_launcher_round"
19-->src\main\AndroidManifest.xml:10:7-52
20        android:theme="@style/AppTheme"
20-->src\main\AndroidManifest.xml:12:7-38
21        android:usesCleartextTraffic="true" >
21-->src\main\AndroidManifest.xml:13:7-42
22        <activity
22-->src\main\AndroidManifest.xml:14:5-23:16
23            android:name="com.testwork.MainActivity"
23-->src\main\AndroidManifest.xml:15:7-35
24            android:configChanges="keyboard|keyboardHidden|orientation|screenSize|uiMode"
24-->src\main\AndroidManifest.xml:16:7-84
25            android:exported="true"
25-->src\main\AndroidManifest.xml:19:7-30
26            android:label="@string/app_name"
26-->src\main\AndroidManifest.xml:17:7-39
27            android:launchMode="singleTask"
27-->src\main\AndroidManifest.xml:20:7-38
28            android:windowSoftInputMode="adjustResize" >
28-->src\main\AndroidManifest.xml:18:7-49
29
30            <!-- ⚠️ add android:exported="true" and android:launchMode="singleTask" above -->
31            <!-- remove the <intent-filter> from .MainActivity -->
32        </activity>
33        <activity
33-->src\main\AndroidManifest.xml:25:5-41:16
34            android:name="com.zoontek.rnbootsplash.RNBootSplashActivity"
34-->src\main\AndroidManifest.xml:26:7-67
35            android:launchMode="singleTask"
35-->src\main\AndroidManifest.xml:28:7-38
36            android:theme="@style/BootTheme" >
36-->src\main\AndroidManifest.xml:27:7-39
37            <intent-filter>
37-->src\main\AndroidManifest.xml:29:7-32:23
38                <action android:name="android.intent.action.MAIN" />
38-->src\main\AndroidManifest.xml:30:9-61
38-->src\main\AndroidManifest.xml:30:17-58
39
40                <category android:name="android.intent.category.LAUNCHER" />
40-->src\main\AndroidManifest.xml:31:9-69
40-->src\main\AndroidManifest.xml:31:19-66
41            </intent-filter>
42
43            <!-- add your deep linking instructions inside the RNBootSplashActivity declaration -->
44            <intent-filter>
44-->src\main\AndroidManifest.xml:35:7-40:23
45                <action android:name="android.intent.action.VIEW" />
45-->src\main\AndroidManifest.xml:36:9-61
45-->src\main\AndroidManifest.xml:36:17-58
46
47                <category android:name="android.intent.category.DEFAULT" />
47-->src\main\AndroidManifest.xml:37:9-68
47-->src\main\AndroidManifest.xml:37:19-65
48                <category android:name="android.intent.category.BROWSABLE" />
48-->src\main\AndroidManifest.xml:38:9-70
48-->src\main\AndroidManifest.xml:38:19-67
49
50                <data android:scheme="YOUR APP SCHEME" /> <!-- replace this with your custom scheme -->
50-->src\main\AndroidManifest.xml:39:9-50
50-->src\main\AndroidManifest.xml:39:15-47
51            </intent-filter>
52        </activity>
53        <activity android:name="com.masteratul.exceptionhandler.DefaultErrorScreen" >
53-->[:react-native-exception-handler] AndroidManifest.xml:12:9-13:20
53-->[:react-native-exception-handler] AndroidManifest.xml:12:19-84
54        </activity>
55    </application>
56
57</manifest>